E:\GitHub\EenterpriseChat\EnterpriseChat_DUILIB\Debug\AudioVedioLib.lib
E:\GitHub\EenterpriseChat\EnterpriseChat_DUILIB\Debug\AudioVedioLib.exp
E:\GitHub\EenterpriseChat\EnterpriseChat_DUILIB\lib\AudioVedioLib.lib
E:\GitHub\EenterpriseChat\EnterpriseChat_DUILIB\lib\AudioVedioLib.exp
E:\GitHub\EenterpriseChat\AudioVedioLib\lib\AudioVedioLib.lib
E:\GitHub\EenterpriseChat\AudioVedioLib\lib\AudioVedioLib.exp
E:\GITHUB\EENTERPRISECHAT\AUDIOVEDIOLIB\AUDIOVEDIOLIB\DEBUG\AUDIOVIDEOLIB.OBJ
E:\GITHUB\EENTERPRISECHAT\AUDIOVEDIOLIB\AUDIOVEDIOLIB\DEBUG\VC110.PDB
E:\GITHUB\EENTERPRISECHAT\AUDIOVEDIOLIB\LIB\AUDIOVEDIOLIB.ILK
E:\GITHUB\EENTERPRISECHAT\AUDIOVEDIOLIB\LIB\AUDIOVEDIOLIB.DLL
E:\GITHUB\EENTERPRISECHAT\AUDIOVEDIOLIB\LIB\AUDIOVEDIOLIB.PDB
E:\GitHub\EenterpriseChat\AudioVedioLib\AudioVedioLib\Debug\audiovideolib.obj
E:\GitHub\EenterpriseChat\AudioVedioLib\AudioVedioLib\Debug\Flash32_17_0_0_169.tlh
E:\GitHub\EenterpriseChat\AudioVedioLib\AudioVedioLib\Debug\AudioVedioLib.write.1.tlog
E:\GitHub\EenterpriseChat\AudioVedioLib\AudioVedioLib\Debug\cl.command.1.tlog
E:\GitHub\EenterpriseChat\AudioVedioLib\AudioVedioLib\Debug\CL.read.1.tlog
E:\GitHub\EenterpriseChat\AudioVedioLib\AudioVedioLib\Debug\CL.write.1.tlog
E:\GitHub\EenterpriseChat\AudioVedioLib\AudioVedioLib\Debug\link-cvtres.read.1.tlog
E:\GitHub\EenterpriseChat\AudioVedioLib\AudioVedioLib\Debug\link-cvtres.write.1.tlog
E:\GitHub\EenterpriseChat\AudioVedioLib\AudioVedioLib\Debug\link-rc.read.1.tlog
E:\GitHub\EenterpriseChat\AudioVedioLib\AudioVedioLib\Debug\link-rc.write.1.tlog
E:\GitHub\EenterpriseChat\AudioVedioLib\AudioVedioLib\Debug\link.6940-cvtres.read.1.tlog
E:\GitHub\EenterpriseChat\AudioVedioLib\AudioVedioLib\Debug\link.6940-cvtres.write.1.tlog
E:\GitHub\EenterpriseChat\AudioVedioLib\AudioVedioLib\Debug\link.6940-rc.read.1.tlog
E:\GitHub\EenterpriseChat\AudioVedioLib\AudioVedioLib\Debug\link.6940-rc.write.1.tlog
E:\GitHub\EenterpriseChat\AudioVedioLib\AudioVedioLib\Debug\link.6940.read.1.tlog
E:\GitHub\EenterpriseChat\AudioVedioLib\AudioVedioLib\Debug\link.6940.write.1.tlog
E:\GitHub\EenterpriseChat\AudioVedioLib\AudioVedioLib\Debug\link.command.1.tlog
E:\GitHub\EenterpriseChat\AudioVedioLib\AudioVedioLib\Debug\link.read.1.tlog
E:\GitHub\EenterpriseChat\AudioVedioLib\AudioVedioLib\Debug\link.write.1.tlog
E:\GitHub\EenterpriseChat\AudioVedioLib\AudioVedioLib\Debug\vc110.idb
E:\GitHub\EenterpriseChat\AudioVedioLib\AudioVedioLib\Debug\vc110.pdb
E:\GitHub\EenterpriseChat\AudioVedioLib\AudioVedioLib\..\lib\AudioVedioLib.dll
