C:\USERS\CASS-LM\DOCUMENTS\VISUAL STUDIO 2012\PROJECTS\ENTERPRISECHAT_DUILIB\ENTERPRISECHAT_DUILIB\DEBUG\CHAT_DIALOG.OBJ
C:\USERS\CASS-LM\DOCUMENTS\VISUAL STUDIO 2012\PROJECTS\ENTERPRISECHAT_DUILIB\ENTERPRISECHAT_DUILIB\DEBUG\IOCPMODEL.OBJ
C:\USERS\CASS-LM\DOCUMENTS\VISUAL STUDIO 2012\PROJECTS\ENTERPRISECHAT_DUILIB\ENTERPRISECHAT_DUILIB\DEBUG\TCPMODEL.OBJ
C:\USERS\CASS-LM\DOCUMENTS\VISUAL STUDIO 2012\PROJECTS\ENTERPRISECHAT_DUILIB\ENTERPRISECHAT_DUILIB\DEBUG\UDPMODEL.OBJ
C:\USERS\CASS-LM\DOCUMENTS\VISUAL STUDIO 2012\PROJECTS\ENTERPRISECHAT_DUILIB\ENTERPRISECHAT_DUILIB\DEBUG\MAIN.OBJ
C:\USERS\CASS-LM\DOCUMENTS\VISUAL STUDIO 2012\PROJECTS\ENTERPRISECHAT_DUILIB\ENTERPRISECHAT_DUILIB\DEBUG\MAIN_FRAME.OBJ
C:\USERS\CASS-LM\DOCUMENTS\VISUAL STUDIO 2012\PROJECTS\ENTERPRISECHAT_DUILIB\ENTERPRISECHAT_DUILIB\DEBUG\VC110.PDB
C:\USERS\CASS-LM\DOCUMENTS\VISUAL STUDIO 2012\PROJECTS\ENTERPRISECHAT_DUILIB\ENTERPRISECHAT_DUILIB\DEBUG\POPMENU.OBJ
C:\USERS\CASS-LM\DOCUMENTS\VISUAL STUDIO 2012\PROJECTS\ENTERPRISECHAT_DUILIB\DEBUG\ENTERPRISECHAT_DUILIB.ILK
C:\USERS\CASS-LM\DOCUMENTS\VISUAL STUDIO 2012\PROJECTS\ENTERPRISECHAT_DUILIB\DEBUG\ENTERPRISECHAT_DUILIB.EXE
C:\USERS\CASS-LM\DOCUMENTS\VISUAL STUDIO 2012\PROJECTS\ENTERPRISECHAT_DUILIB\DEBUG\ENTERPRISECHAT_DUILIB.PDB
C:\USERS\CASS-LM\DOCUMENTS\VISUAL STUDIO 2012\PROJECTS\ENTERPRISECHAT_DUILIB\ENTERPRISECHAT_DUILIB\DEBUG\ENTERPRISECHAT_DUILIB.RES
C:\Users\cass-lm\Documents\Visual Studio 2012\Projects\EnterpriseChat_DUILIB\EnterpriseChat_DUILIB\Debug\chat_dialog.obj
C:\Users\cass-lm\Documents\Visual Studio 2012\Projects\EnterpriseChat_DUILIB\EnterpriseChat_DUILIB\Debug\IOCPModel.obj
C:\Users\cass-lm\Documents\Visual Studio 2012\Projects\EnterpriseChat_DUILIB\EnterpriseChat_DUILIB\Debug\main.obj
C:\Users\cass-lm\Documents\Visual Studio 2012\Projects\EnterpriseChat_DUILIB\EnterpriseChat_DUILIB\Debug\main_frame.obj
C:\Users\cass-lm\Documents\Visual Studio 2012\Projects\EnterpriseChat_DUILIB\EnterpriseChat_DUILIB\Debug\popmenu.obj
C:\Users\cass-lm\Documents\Visual Studio 2012\Projects\EnterpriseChat_DUILIB\EnterpriseChat_DUILIB\Debug\TCPModel.obj
C:\Users\cass-lm\Documents\Visual Studio 2012\Projects\EnterpriseChat_DUILIB\EnterpriseChat_DUILIB\Debug\UDPModel.obj
C:\Users\cass-lm\Documents\Visual Studio 2012\Projects\EnterpriseChat_DUILIB\EnterpriseChat_DUILIB\Debug\Flash32_15_0_0_189.tlh
C:\Users\cass-lm\Documents\Visual Studio 2012\Projects\EnterpriseChat_DUILIB\EnterpriseChat_DUILIB\Debug\cl.command.1.tlog
C:\Users\cass-lm\Documents\Visual Studio 2012\Projects\EnterpriseChat_DUILIB\EnterpriseChat_DUILIB\Debug\CL.read.1.tlog
C:\Users\cass-lm\Documents\Visual Studio 2012\Projects\EnterpriseChat_DUILIB\EnterpriseChat_DUILIB\Debug\CL.write.1.tlog
C:\Users\cass-lm\Documents\Visual Studio 2012\Projects\EnterpriseChat_DUILIB\EnterpriseChat_DUILIB\Debug\link-cvtres.read.1.tlog
C:\Users\cass-lm\Documents\Visual Studio 2012\Projects\EnterpriseChat_DUILIB\EnterpriseChat_DUILIB\Debug\link-cvtres.write.1.tlog
C:\Users\cass-lm\Documents\Visual Studio 2012\Projects\EnterpriseChat_DUILIB\EnterpriseChat_DUILIB\Debug\link-rc.read.1.tlog
C:\Users\cass-lm\Documents\Visual Studio 2012\Projects\EnterpriseChat_DUILIB\EnterpriseChat_DUILIB\Debug\link-rc.write.1.tlog
C:\Users\cass-lm\Documents\Visual Studio 2012\Projects\EnterpriseChat_DUILIB\EnterpriseChat_DUILIB\Debug\link.10192-cvtres.read.1.tlog
C:\Users\cass-lm\Documents\Visual Studio 2012\Projects\EnterpriseChat_DUILIB\EnterpriseChat_DUILIB\Debug\link.10192-cvtres.write.1.tlog
C:\Users\cass-lm\Documents\Visual Studio 2012\Projects\EnterpriseChat_DUILIB\EnterpriseChat_DUILIB\Debug\link.10192-rc.read.1.tlog
C:\Users\cass-lm\Documents\Visual Studio 2012\Projects\EnterpriseChat_DUILIB\EnterpriseChat_DUILIB\Debug\link.10192-rc.write.1.tlog
C:\Users\cass-lm\Documents\Visual Studio 2012\Projects\EnterpriseChat_DUILIB\EnterpriseChat_DUILIB\Debug\link.10192.read.1.tlog
C:\Users\cass-lm\Documents\Visual Studio 2012\Projects\EnterpriseChat_DUILIB\EnterpriseChat_DUILIB\Debug\link.10192.write.1.tlog
C:\Users\cass-lm\Documents\Visual Studio 2012\Projects\EnterpriseChat_DUILIB\EnterpriseChat_DUILIB\Debug\link.1324-cvtres.read.1.tlog
C:\Users\cass-lm\Documents\Visual Studio 2012\Projects\EnterpriseChat_DUILIB\EnterpriseChat_DUILIB\Debug\link.1324-cvtres.write.1.tlog
C:\Users\cass-lm\Documents\Visual Studio 2012\Projects\EnterpriseChat_DUILIB\EnterpriseChat_DUILIB\Debug\link.1324-rc.read.1.tlog
C:\Users\cass-lm\Documents\Visual Studio 2012\Projects\EnterpriseChat_DUILIB\EnterpriseChat_DUILIB\Debug\link.1324-rc.write.1.tlog
C:\Users\cass-lm\Documents\Visual Studio 2012\Projects\EnterpriseChat_DUILIB\EnterpriseChat_DUILIB\Debug\link.1324.read.1.tlog
C:\Users\cass-lm\Documents\Visual Studio 2012\Projects\EnterpriseChat_DUILIB\EnterpriseChat_DUILIB\Debug\link.1324.write.1.tlog
C:\Users\cass-lm\Documents\Visual Studio 2012\Projects\EnterpriseChat_DUILIB\EnterpriseChat_DUILIB\Debug\link.1476-cvtres.read.1.tlog
C:\Users\cass-lm\Documents\Visual Studio 2012\Projects\EnterpriseChat_DUILIB\EnterpriseChat_DUILIB\Debug\link.1476-cvtres.write.1.tlog
C:\Users\cass-lm\Documents\Visual Studio 2012\Projects\EnterpriseChat_DUILIB\EnterpriseChat_DUILIB\Debug\link.1476-rc.read.1.tlog
C:\Users\cass-lm\Documents\Visual Studio 2012\Projects\EnterpriseChat_DUILIB\EnterpriseChat_DUILIB\Debug\link.1476-rc.write.1.tlog
C:\Users\cass-lm\Documents\Visual Studio 2012\Projects\EnterpriseChat_DUILIB\EnterpriseChat_DUILIB\Debug\link.1476.read.1.tlog
C:\Users\cass-lm\Documents\Visual Studio 2012\Projects\EnterpriseChat_DUILIB\EnterpriseChat_DUILIB\Debug\link.1476.write.1.tlog
C:\Users\cass-lm\Documents\Visual Studio 2012\Projects\EnterpriseChat_DUILIB\EnterpriseChat_DUILIB\Debug\link.1524-cvtres.read.1.tlog
C:\Users\cass-lm\Documents\Visual Studio 2012\Projects\EnterpriseChat_DUILIB\EnterpriseChat_DUILIB\Debug\link.1524-cvtres.write.1.tlog
C:\Users\cass-lm\Documents\Visual Studio 2012\Projects\EnterpriseChat_DUILIB\EnterpriseChat_DUILIB\Debug\link.1524-rc.read.1.tlog
C:\Users\cass-lm\Documents\Visual Studio 2012\Projects\EnterpriseChat_DUILIB\EnterpriseChat_DUILIB\Debug\link.1524-rc.write.1.tlog
C:\Users\cass-lm\Documents\Visual Studio 2012\Projects\EnterpriseChat_DUILIB\EnterpriseChat_DUILIB\Debug\link.1524.read.1.tlog
C:\Users\cass-lm\Documents\Visual Studio 2012\Projects\EnterpriseChat_DUILIB\EnterpriseChat_DUILIB\Debug\link.1524.write.1.tlog
C:\Users\cass-lm\Documents\Visual Studio 2012\Projects\EnterpriseChat_DUILIB\EnterpriseChat_DUILIB\Debug\link.1612-cvtres.read.1.tlog
C:\Users\cass-lm\Documents\Visual Studio 2012\Projects\EnterpriseChat_DUILIB\EnterpriseChat_DUILIB\Debug\link.1612-cvtres.write.1.tlog
C:\Users\cass-lm\Documents\Visual Studio 2012\Projects\EnterpriseChat_DUILIB\EnterpriseChat_DUILIB\Debug\link.1612-rc.read.1.tlog
C:\Users\cass-lm\Documents\Visual Studio 2012\Projects\EnterpriseChat_DUILIB\EnterpriseChat_DUILIB\Debug\link.1612-rc.write.1.tlog
C:\Users\cass-lm\Documents\Visual Studio 2012\Projects\EnterpriseChat_DUILIB\EnterpriseChat_DUILIB\Debug\link.1612.read.1.tlog
C:\Users\cass-lm\Documents\Visual Studio 2012\Projects\EnterpriseChat_DUILIB\EnterpriseChat_DUILIB\Debug\link.1612.write.1.tlog
C:\Users\cass-lm\Documents\Visual Studio 2012\Projects\EnterpriseChat_DUILIB\EnterpriseChat_DUILIB\Debug\link.1752-cvtres.read.1.tlog
C:\Users\cass-lm\Documents\Visual Studio 2012\Projects\EnterpriseChat_DUILIB\EnterpriseChat_DUILIB\Debug\link.1752-cvtres.write.1.tlog
C:\Users\cass-lm\Documents\Visual Studio 2012\Projects\EnterpriseChat_DUILIB\EnterpriseChat_DUILIB\Debug\link.1752-rc.read.1.tlog
C:\Users\cass-lm\Documents\Visual Studio 2012\Projects\EnterpriseChat_DUILIB\EnterpriseChat_DUILIB\Debug\link.1752-rc.write.1.tlog
C:\Users\cass-lm\Documents\Visual Studio 2012\Projects\EnterpriseChat_DUILIB\EnterpriseChat_DUILIB\Debug\link.1752.read.1.tlog
C:\Users\cass-lm\Documents\Visual Studio 2012\Projects\EnterpriseChat_DUILIB\EnterpriseChat_DUILIB\Debug\link.1752.write.1.tlog
C:\Users\cass-lm\Documents\Visual Studio 2012\Projects\EnterpriseChat_DUILIB\EnterpriseChat_DUILIB\Debug\link.1920-cvtres.read.1.tlog
C:\Users\cass-lm\Documents\Visual Studio 2012\Projects\EnterpriseChat_DUILIB\EnterpriseChat_DUILIB\Debug\link.1920-cvtres.write.1.tlog
C:\Users\cass-lm\Documents\Visual Studio 2012\Projects\EnterpriseChat_DUILIB\EnterpriseChat_DUILIB\Debug\link.1920-rc.read.1.tlog
C:\Users\cass-lm\Documents\Visual Studio 2012\Projects\EnterpriseChat_DUILIB\EnterpriseChat_DUILIB\Debug\link.1920-rc.write.1.tlog
C:\Users\cass-lm\Documents\Visual Studio 2012\Projects\EnterpriseChat_DUILIB\EnterpriseChat_DUILIB\Debug\link.1920.read.1.tlog
C:\Users\cass-lm\Documents\Visual Studio 2012\Projects\EnterpriseChat_DUILIB\EnterpriseChat_DUILIB\Debug\link.1920.write.1.tlog
C:\Users\cass-lm\Documents\Visual Studio 2012\Projects\EnterpriseChat_DUILIB\EnterpriseChat_DUILIB\Debug\link.1984-cvtres.read.1.tlog
C:\Users\cass-lm\Documents\Visual Studio 2012\Projects\EnterpriseChat_DUILIB\EnterpriseChat_DUILIB\Debug\link.1984-cvtres.write.1.tlog
C:\Users\cass-lm\Documents\Visual Studio 2012\Projects\EnterpriseChat_DUILIB\EnterpriseChat_DUILIB\Debug\link.1984-rc.read.1.tlog
C:\Users\cass-lm\Documents\Visual Studio 2012\Projects\EnterpriseChat_DUILIB\EnterpriseChat_DUILIB\Debug\link.1984-rc.write.1.tlog
C:\Users\cass-lm\Documents\Visual Studio 2012\Projects\EnterpriseChat_DUILIB\EnterpriseChat_DUILIB\Debug\link.1984.read.1.tlog
C:\Users\cass-lm\Documents\Visual Studio 2012\Projects\EnterpriseChat_DUILIB\EnterpriseChat_DUILIB\Debug\link.1984.write.1.tlog
C:\Users\cass-lm\Documents\Visual Studio 2012\Projects\EnterpriseChat_DUILIB\EnterpriseChat_DUILIB\Debug\link.2224-cvtres.read.1.tlog
C:\Users\cass-lm\Documents\Visual Studio 2012\Projects\EnterpriseChat_DUILIB\EnterpriseChat_DUILIB\Debug\link.2224-cvtres.write.1.tlog
C:\Users\cass-lm\Documents\Visual Studio 2012\Projects\EnterpriseChat_DUILIB\EnterpriseChat_DUILIB\Debug\link.2224-rc.read.1.tlog
C:\Users\cass-lm\Documents\Visual Studio 2012\Projects\EnterpriseChat_DUILIB\EnterpriseChat_DUILIB\Debug\link.2224-rc.write.1.tlog
C:\Users\cass-lm\Documents\Visual Studio 2012\Projects\EnterpriseChat_DUILIB\EnterpriseChat_DUILIB\Debug\link.2224.read.1.tlog
C:\Users\cass-lm\Documents\Visual Studio 2012\Projects\EnterpriseChat_DUILIB\EnterpriseChat_DUILIB\Debug\link.2224.write.1.tlog
C:\Users\cass-lm\Documents\Visual Studio 2012\Projects\EnterpriseChat_DUILIB\EnterpriseChat_DUILIB\Debug\link.2892-cvtres.read.1.tlog
C:\Users\cass-lm\Documents\Visual Studio 2012\Projects\EnterpriseChat_DUILIB\EnterpriseChat_DUILIB\Debug\link.2892-cvtres.write.1.tlog
C:\Users\cass-lm\Documents\Visual Studio 2012\Projects\EnterpriseChat_DUILIB\EnterpriseChat_DUILIB\Debug\link.2892-rc.read.1.tlog
C:\Users\cass-lm\Documents\Visual Studio 2012\Projects\EnterpriseChat_DUILIB\EnterpriseChat_DUILIB\Debug\link.2892-rc.write.1.tlog
C:\Users\cass-lm\Documents\Visual Studio 2012\Projects\EnterpriseChat_DUILIB\EnterpriseChat_DUILIB\Debug\link.2892.read.1.tlog
C:\Users\cass-lm\Documents\Visual Studio 2012\Projects\EnterpriseChat_DUILIB\EnterpriseChat_DUILIB\Debug\link.2892.write.1.tlog
C:\Users\cass-lm\Documents\Visual Studio 2012\Projects\EnterpriseChat_DUILIB\EnterpriseChat_DUILIB\Debug\link.3260-cvtres.read.1.tlog
C:\Users\cass-lm\Documents\Visual Studio 2012\Projects\EnterpriseChat_DUILIB\EnterpriseChat_DUILIB\Debug\link.3260-cvtres.write.1.tlog
C:\Users\cass-lm\Documents\Visual Studio 2012\Projects\EnterpriseChat_DUILIB\EnterpriseChat_DUILIB\Debug\link.3260-rc.read.1.tlog
C:\Users\cass-lm\Documents\Visual Studio 2012\Projects\EnterpriseChat_DUILIB\EnterpriseChat_DUILIB\Debug\link.3260-rc.write.1.tlog
C:\Users\cass-lm\Documents\Visual Studio 2012\Projects\EnterpriseChat_DUILIB\EnterpriseChat_DUILIB\Debug\link.3260.read.1.tlog
C:\Users\cass-lm\Documents\Visual Studio 2012\Projects\EnterpriseChat_DUILIB\EnterpriseChat_DUILIB\Debug\link.3260.write.1.tlog
C:\Users\cass-lm\Documents\Visual Studio 2012\Projects\EnterpriseChat_DUILIB\EnterpriseChat_DUILIB\Debug\link.3456-cvtres.read.1.tlog
C:\Users\cass-lm\Documents\Visual Studio 2012\Projects\EnterpriseChat_DUILIB\EnterpriseChat_DUILIB\Debug\link.3456-cvtres.write.1.tlog
C:\Users\cass-lm\Documents\Visual Studio 2012\Projects\EnterpriseChat_DUILIB\EnterpriseChat_DUILIB\Debug\link.3456-rc.read.1.tlog
C:\Users\cass-lm\Documents\Visual Studio 2012\Projects\EnterpriseChat_DUILIB\EnterpriseChat_DUILIB\Debug\link.3456-rc.write.1.tlog
C:\Users\cass-lm\Documents\Visual Studio 2012\Projects\EnterpriseChat_DUILIB\EnterpriseChat_DUILIB\Debug\link.3456.read.1.tlog
C:\Users\cass-lm\Documents\Visual Studio 2012\Projects\EnterpriseChat_DUILIB\EnterpriseChat_DUILIB\Debug\link.3456.write.1.tlog
C:\Users\cass-lm\Documents\Visual Studio 2012\Projects\EnterpriseChat_DUILIB\EnterpriseChat_DUILIB\Debug\link.3560-cvtres.read.1.tlog
C:\Users\cass-lm\Documents\Visual Studio 2012\Projects\EnterpriseChat_DUILIB\EnterpriseChat_DUILIB\Debug\link.3560-cvtres.write.1.tlog
C:\Users\cass-lm\Documents\Visual Studio 2012\Projects\EnterpriseChat_DUILIB\EnterpriseChat_DUILIB\Debug\link.3560-rc.read.1.tlog
C:\Users\cass-lm\Documents\Visual Studio 2012\Projects\EnterpriseChat_DUILIB\EnterpriseChat_DUILIB\Debug\link.3560-rc.write.1.tlog
C:\Users\cass-lm\Documents\Visual Studio 2012\Projects\EnterpriseChat_DUILIB\EnterpriseChat_DUILIB\Debug\link.3560.read.1.tlog
C:\Users\cass-lm\Documents\Visual Studio 2012\Projects\EnterpriseChat_DUILIB\EnterpriseChat_DUILIB\Debug\link.3560.write.1.tlog
C:\Users\cass-lm\Documents\Visual Studio 2012\Projects\EnterpriseChat_DUILIB\EnterpriseChat_DUILIB\Debug\link.3588-cvtres.read.1.tlog
C:\Users\cass-lm\Documents\Visual Studio 2012\Projects\EnterpriseChat_DUILIB\EnterpriseChat_DUILIB\Debug\link.3588-cvtres.write.1.tlog
C:\Users\cass-lm\Documents\Visual Studio 2012\Projects\EnterpriseChat_DUILIB\EnterpriseChat_DUILIB\Debug\link.3588-rc.read.1.tlog
C:\Users\cass-lm\Documents\Visual Studio 2012\Projects\EnterpriseChat_DUILIB\EnterpriseChat_DUILIB\Debug\link.3588-rc.write.1.tlog
C:\Users\cass-lm\Documents\Visual Studio 2012\Projects\EnterpriseChat_DUILIB\EnterpriseChat_DUILIB\Debug\link.3588.read.1.tlog
C:\Users\cass-lm\Documents\Visual Studio 2012\Projects\EnterpriseChat_DUILIB\EnterpriseChat_DUILIB\Debug\link.3588.write.1.tlog
C:\Users\cass-lm\Documents\Visual Studio 2012\Projects\EnterpriseChat_DUILIB\EnterpriseChat_DUILIB\Debug\link.3608-cvtres.read.1.tlog
C:\Users\cass-lm\Documents\Visual Studio 2012\Projects\EnterpriseChat_DUILIB\EnterpriseChat_DUILIB\Debug\link.3608-cvtres.write.1.tlog
C:\Users\cass-lm\Documents\Visual Studio 2012\Projects\EnterpriseChat_DUILIB\EnterpriseChat_DUILIB\Debug\link.3608-rc.read.1.tlog
C:\Users\cass-lm\Documents\Visual Studio 2012\Projects\EnterpriseChat_DUILIB\EnterpriseChat_DUILIB\Debug\link.3608-rc.write.1.tlog
C:\Users\cass-lm\Documents\Visual Studio 2012\Projects\EnterpriseChat_DUILIB\EnterpriseChat_DUILIB\Debug\link.3608.read.1.tlog
C:\Users\cass-lm\Documents\Visual Studio 2012\Projects\EnterpriseChat_DUILIB\EnterpriseChat_DUILIB\Debug\link.3608.write.1.tlog
C:\Users\cass-lm\Documents\Visual Studio 2012\Projects\EnterpriseChat_DUILIB\EnterpriseChat_DUILIB\Debug\link.4540-cvtres.read.1.tlog
C:\Users\cass-lm\Documents\Visual Studio 2012\Projects\EnterpriseChat_DUILIB\EnterpriseChat_DUILIB\Debug\link.4540-cvtres.write.1.tlog
C:\Users\cass-lm\Documents\Visual Studio 2012\Projects\EnterpriseChat_DUILIB\EnterpriseChat_DUILIB\Debug\link.4540-rc.read.1.tlog
C:\Users\cass-lm\Documents\Visual Studio 2012\Projects\EnterpriseChat_DUILIB\EnterpriseChat_DUILIB\Debug\link.4540-rc.write.1.tlog
C:\Users\cass-lm\Documents\Visual Studio 2012\Projects\EnterpriseChat_DUILIB\EnterpriseChat_DUILIB\Debug\link.4540.read.1.tlog
C:\Users\cass-lm\Documents\Visual Studio 2012\Projects\EnterpriseChat_DUILIB\EnterpriseChat_DUILIB\Debug\link.4540.write.1.tlog
C:\Users\cass-lm\Documents\Visual Studio 2012\Projects\EnterpriseChat_DUILIB\EnterpriseChat_DUILIB\Debug\link.4740-cvtres.read.1.tlog
C:\Users\cass-lm\Documents\Visual Studio 2012\Projects\EnterpriseChat_DUILIB\EnterpriseChat_DUILIB\Debug\link.4740-cvtres.write.1.tlog
C:\Users\cass-lm\Documents\Visual Studio 2012\Projects\EnterpriseChat_DUILIB\EnterpriseChat_DUILIB\Debug\link.4740-rc.read.1.tlog
C:\Users\cass-lm\Documents\Visual Studio 2012\Projects\EnterpriseChat_DUILIB\EnterpriseChat_DUILIB\Debug\link.4740-rc.write.1.tlog
C:\Users\cass-lm\Documents\Visual Studio 2012\Projects\EnterpriseChat_DUILIB\EnterpriseChat_DUILIB\Debug\link.4740.read.1.tlog
C:\Users\cass-lm\Documents\Visual Studio 2012\Projects\EnterpriseChat_DUILIB\EnterpriseChat_DUILIB\Debug\link.4740.write.1.tlog
C:\Users\cass-lm\Documents\Visual Studio 2012\Projects\EnterpriseChat_DUILIB\EnterpriseChat_DUILIB\Debug\link.5040-cvtres.read.1.tlog
C:\Users\cass-lm\Documents\Visual Studio 2012\Projects\EnterpriseChat_DUILIB\EnterpriseChat_DUILIB\Debug\link.5040-cvtres.write.1.tlog
C:\Users\cass-lm\Documents\Visual Studio 2012\Projects\EnterpriseChat_DUILIB\EnterpriseChat_DUILIB\Debug\link.5040-rc.read.1.tlog
C:\Users\cass-lm\Documents\Visual Studio 2012\Projects\EnterpriseChat_DUILIB\EnterpriseChat_DUILIB\Debug\link.5040-rc.write.1.tlog
C:\Users\cass-lm\Documents\Visual Studio 2012\Projects\EnterpriseChat_DUILIB\EnterpriseChat_DUILIB\Debug\link.5040.read.1.tlog
C:\Users\cass-lm\Documents\Visual Studio 2012\Projects\EnterpriseChat_DUILIB\EnterpriseChat_DUILIB\Debug\link.5040.write.1.tlog
C:\Users\cass-lm\Documents\Visual Studio 2012\Projects\EnterpriseChat_DUILIB\EnterpriseChat_DUILIB\Debug\link.5308-cvtres.read.1.tlog
C:\Users\cass-lm\Documents\Visual Studio 2012\Projects\EnterpriseChat_DUILIB\EnterpriseChat_DUILIB\Debug\link.5308-cvtres.write.1.tlog
C:\Users\cass-lm\Documents\Visual Studio 2012\Projects\EnterpriseChat_DUILIB\EnterpriseChat_DUILIB\Debug\link.5308-rc.read.1.tlog
C:\Users\cass-lm\Documents\Visual Studio 2012\Projects\EnterpriseChat_DUILIB\EnterpriseChat_DUILIB\Debug\link.5308-rc.write.1.tlog
C:\Users\cass-lm\Documents\Visual Studio 2012\Projects\EnterpriseChat_DUILIB\EnterpriseChat_DUILIB\Debug\link.5308.read.1.tlog
C:\Users\cass-lm\Documents\Visual Studio 2012\Projects\EnterpriseChat_DUILIB\EnterpriseChat_DUILIB\Debug\link.5308.write.1.tlog
C:\Users\cass-lm\Documents\Visual Studio 2012\Projects\EnterpriseChat_DUILIB\EnterpriseChat_DUILIB\Debug\link.5404-cvtres.read.1.tlog
C:\Users\cass-lm\Documents\Visual Studio 2012\Projects\EnterpriseChat_DUILIB\EnterpriseChat_DUILIB\Debug\link.5404-cvtres.write.1.tlog
C:\Users\cass-lm\Documents\Visual Studio 2012\Projects\EnterpriseChat_DUILIB\EnterpriseChat_DUILIB\Debug\link.5404-rc.read.1.tlog
C:\Users\cass-lm\Documents\Visual Studio 2012\Projects\EnterpriseChat_DUILIB\EnterpriseChat_DUILIB\Debug\link.5404-rc.write.1.tlog
C:\Users\cass-lm\Documents\Visual Studio 2012\Projects\EnterpriseChat_DUILIB\EnterpriseChat_DUILIB\Debug\link.5404.read.1.tlog
C:\Users\cass-lm\Documents\Visual Studio 2012\Projects\EnterpriseChat_DUILIB\EnterpriseChat_DUILIB\Debug\link.5404.write.1.tlog
C:\Users\cass-lm\Documents\Visual Studio 2012\Projects\EnterpriseChat_DUILIB\EnterpriseChat_DUILIB\Debug\link.5732-cvtres.read.1.tlog
C:\Users\cass-lm\Documents\Visual Studio 2012\Projects\EnterpriseChat_DUILIB\EnterpriseChat_DUILIB\Debug\link.5732-cvtres.write.1.tlog
C:\Users\cass-lm\Documents\Visual Studio 2012\Projects\EnterpriseChat_DUILIB\EnterpriseChat_DUILIB\Debug\link.5732-rc.read.1.tlog
C:\Users\cass-lm\Documents\Visual Studio 2012\Projects\EnterpriseChat_DUILIB\EnterpriseChat_DUILIB\Debug\link.5732-rc.write.1.tlog
C:\Users\cass-lm\Documents\Visual Studio 2012\Projects\EnterpriseChat_DUILIB\EnterpriseChat_DUILIB\Debug\link.5732.read.1.tlog
C:\Users\cass-lm\Documents\Visual Studio 2012\Projects\EnterpriseChat_DUILIB\EnterpriseChat_DUILIB\Debug\link.5732.write.1.tlog
C:\Users\cass-lm\Documents\Visual Studio 2012\Projects\EnterpriseChat_DUILIB\EnterpriseChat_DUILIB\Debug\link.5756-cvtres.read.1.tlog
C:\Users\cass-lm\Documents\Visual Studio 2012\Projects\EnterpriseChat_DUILIB\EnterpriseChat_DUILIB\Debug\link.5756-cvtres.write.1.tlog
C:\Users\cass-lm\Documents\Visual Studio 2012\Projects\EnterpriseChat_DUILIB\EnterpriseChat_DUILIB\Debug\link.5756-rc.read.1.tlog
C:\Users\cass-lm\Documents\Visual Studio 2012\Projects\EnterpriseChat_DUILIB\EnterpriseChat_DUILIB\Debug\link.5756-rc.write.1.tlog
C:\Users\cass-lm\Documents\Visual Studio 2012\Projects\EnterpriseChat_DUILIB\EnterpriseChat_DUILIB\Debug\link.5756.read.1.tlog
C:\Users\cass-lm\Documents\Visual Studio 2012\Projects\EnterpriseChat_DUILIB\EnterpriseChat_DUILIB\Debug\link.5756.write.1.tlog
C:\Users\cass-lm\Documents\Visual Studio 2012\Projects\EnterpriseChat_DUILIB\EnterpriseChat_DUILIB\Debug\link.5884-cvtres.read.1.tlog
C:\Users\cass-lm\Documents\Visual Studio 2012\Projects\EnterpriseChat_DUILIB\EnterpriseChat_DUILIB\Debug\link.5884-cvtres.write.1.tlog
C:\Users\cass-lm\Documents\Visual Studio 2012\Projects\EnterpriseChat_DUILIB\EnterpriseChat_DUILIB\Debug\link.5884-rc.read.1.tlog
C:\Users\cass-lm\Documents\Visual Studio 2012\Projects\EnterpriseChat_DUILIB\EnterpriseChat_DUILIB\Debug\link.5884-rc.write.1.tlog
C:\Users\cass-lm\Documents\Visual Studio 2012\Projects\EnterpriseChat_DUILIB\EnterpriseChat_DUILIB\Debug\link.5884.read.1.tlog
C:\Users\cass-lm\Documents\Visual Studio 2012\Projects\EnterpriseChat_DUILIB\EnterpriseChat_DUILIB\Debug\link.5884.write.1.tlog
C:\Users\cass-lm\Documents\Visual Studio 2012\Projects\EnterpriseChat_DUILIB\EnterpriseChat_DUILIB\Debug\link.6096-cvtres.read.1.tlog
C:\Users\cass-lm\Documents\Visual Studio 2012\Projects\EnterpriseChat_DUILIB\EnterpriseChat_DUILIB\Debug\link.6096-cvtres.write.1.tlog
C:\Users\cass-lm\Documents\Visual Studio 2012\Projects\EnterpriseChat_DUILIB\EnterpriseChat_DUILIB\Debug\link.6096-rc.read.1.tlog
C:\Users\cass-lm\Documents\Visual Studio 2012\Projects\EnterpriseChat_DUILIB\EnterpriseChat_DUILIB\Debug\link.6096-rc.write.1.tlog
C:\Users\cass-lm\Documents\Visual Studio 2012\Projects\EnterpriseChat_DUILIB\EnterpriseChat_DUILIB\Debug\link.6096.read.1.tlog
C:\Users\cass-lm\Documents\Visual Studio 2012\Projects\EnterpriseChat_DUILIB\EnterpriseChat_DUILIB\Debug\link.6096.write.1.tlog
C:\Users\cass-lm\Documents\Visual Studio 2012\Projects\EnterpriseChat_DUILIB\EnterpriseChat_DUILIB\Debug\link.6436-cvtres.read.1.tlog
C:\Users\cass-lm\Documents\Visual Studio 2012\Projects\EnterpriseChat_DUILIB\EnterpriseChat_DUILIB\Debug\link.6436-cvtres.write.1.tlog
C:\Users\cass-lm\Documents\Visual Studio 2012\Projects\EnterpriseChat_DUILIB\EnterpriseChat_DUILIB\Debug\link.6436-rc.read.1.tlog
C:\Users\cass-lm\Documents\Visual Studio 2012\Projects\EnterpriseChat_DUILIB\EnterpriseChat_DUILIB\Debug\link.6436-rc.write.1.tlog
C:\Users\cass-lm\Documents\Visual Studio 2012\Projects\EnterpriseChat_DUILIB\EnterpriseChat_DUILIB\Debug\link.6436.read.1.tlog
C:\Users\cass-lm\Documents\Visual Studio 2012\Projects\EnterpriseChat_DUILIB\EnterpriseChat_DUILIB\Debug\link.6436.write.1.tlog
C:\Users\cass-lm\Documents\Visual Studio 2012\Projects\EnterpriseChat_DUILIB\EnterpriseChat_DUILIB\Debug\link.6468-cvtres.read.1.tlog
C:\Users\cass-lm\Documents\Visual Studio 2012\Projects\EnterpriseChat_DUILIB\EnterpriseChat_DUILIB\Debug\link.6468-cvtres.write.1.tlog
C:\Users\cass-lm\Documents\Visual Studio 2012\Projects\EnterpriseChat_DUILIB\EnterpriseChat_DUILIB\Debug\link.6468-rc.read.1.tlog
C:\Users\cass-lm\Documents\Visual Studio 2012\Projects\EnterpriseChat_DUILIB\EnterpriseChat_DUILIB\Debug\link.6468-rc.write.1.tlog
C:\Users\cass-lm\Documents\Visual Studio 2012\Projects\EnterpriseChat_DUILIB\EnterpriseChat_DUILIB\Debug\link.6468.read.1.tlog
C:\Users\cass-lm\Documents\Visual Studio 2012\Projects\EnterpriseChat_DUILIB\EnterpriseChat_DUILIB\Debug\link.6468.write.1.tlog
C:\Users\cass-lm\Documents\Visual Studio 2012\Projects\EnterpriseChat_DUILIB\EnterpriseChat_DUILIB\Debug\link.6668-cvtres.read.1.tlog
C:\Users\cass-lm\Documents\Visual Studio 2012\Projects\EnterpriseChat_DUILIB\EnterpriseChat_DUILIB\Debug\link.6668-cvtres.write.1.tlog
C:\Users\cass-lm\Documents\Visual Studio 2012\Projects\EnterpriseChat_DUILIB\EnterpriseChat_DUILIB\Debug\link.6668-rc.read.1.tlog
C:\Users\cass-lm\Documents\Visual Studio 2012\Projects\EnterpriseChat_DUILIB\EnterpriseChat_DUILIB\Debug\link.6668-rc.write.1.tlog
C:\Users\cass-lm\Documents\Visual Studio 2012\Projects\EnterpriseChat_DUILIB\EnterpriseChat_DUILIB\Debug\link.6668.read.1.tlog
C:\Users\cass-lm\Documents\Visual Studio 2012\Projects\EnterpriseChat_DUILIB\EnterpriseChat_DUILIB\Debug\link.6668.write.1.tlog
C:\Users\cass-lm\Documents\Visual Studio 2012\Projects\EnterpriseChat_DUILIB\EnterpriseChat_DUILIB\Debug\link.6692-cvtres.read.1.tlog
C:\Users\cass-lm\Documents\Visual Studio 2012\Projects\EnterpriseChat_DUILIB\EnterpriseChat_DUILIB\Debug\link.6692-cvtres.write.1.tlog
C:\Users\cass-lm\Documents\Visual Studio 2012\Projects\EnterpriseChat_DUILIB\EnterpriseChat_DUILIB\Debug\link.6692-rc.read.1.tlog
C:\Users\cass-lm\Documents\Visual Studio 2012\Projects\EnterpriseChat_DUILIB\EnterpriseChat_DUILIB\Debug\link.6692-rc.write.1.tlog
C:\Users\cass-lm\Documents\Visual Studio 2012\Projects\EnterpriseChat_DUILIB\EnterpriseChat_DUILIB\Debug\link.6692.read.1.tlog
C:\Users\cass-lm\Documents\Visual Studio 2012\Projects\EnterpriseChat_DUILIB\EnterpriseChat_DUILIB\Debug\link.6692.write.1.tlog
C:\Users\cass-lm\Documents\Visual Studio 2012\Projects\EnterpriseChat_DUILIB\EnterpriseChat_DUILIB\Debug\link.7080-cvtres.read.1.tlog
C:\Users\cass-lm\Documents\Visual Studio 2012\Projects\EnterpriseChat_DUILIB\EnterpriseChat_DUILIB\Debug\link.7080-cvtres.write.1.tlog
C:\Users\cass-lm\Documents\Visual Studio 2012\Projects\EnterpriseChat_DUILIB\EnterpriseChat_DUILIB\Debug\link.7080-rc.read.1.tlog
C:\Users\cass-lm\Documents\Visual Studio 2012\Projects\EnterpriseChat_DUILIB\EnterpriseChat_DUILIB\Debug\link.7080-rc.write.1.tlog
C:\Users\cass-lm\Documents\Visual Studio 2012\Projects\EnterpriseChat_DUILIB\EnterpriseChat_DUILIB\Debug\link.7080.read.1.tlog
C:\Users\cass-lm\Documents\Visual Studio 2012\Projects\EnterpriseChat_DUILIB\EnterpriseChat_DUILIB\Debug\link.7080.write.1.tlog
C:\Users\cass-lm\Documents\Visual Studio 2012\Projects\EnterpriseChat_DUILIB\EnterpriseChat_DUILIB\Debug\link.7228-cvtres.read.1.tlog
C:\Users\cass-lm\Documents\Visual Studio 2012\Projects\EnterpriseChat_DUILIB\EnterpriseChat_DUILIB\Debug\link.7228-cvtres.write.1.tlog
C:\Users\cass-lm\Documents\Visual Studio 2012\Projects\EnterpriseChat_DUILIB\EnterpriseChat_DUILIB\Debug\link.7228-rc.read.1.tlog
C:\Users\cass-lm\Documents\Visual Studio 2012\Projects\EnterpriseChat_DUILIB\EnterpriseChat_DUILIB\Debug\link.7228-rc.write.1.tlog
C:\Users\cass-lm\Documents\Visual Studio 2012\Projects\EnterpriseChat_DUILIB\EnterpriseChat_DUILIB\Debug\link.7228.read.1.tlog
C:\Users\cass-lm\Documents\Visual Studio 2012\Projects\EnterpriseChat_DUILIB\EnterpriseChat_DUILIB\Debug\link.7228.write.1.tlog
C:\Users\cass-lm\Documents\Visual Studio 2012\Projects\EnterpriseChat_DUILIB\EnterpriseChat_DUILIB\Debug\link.7296-cvtres.read.1.tlog
C:\Users\cass-lm\Documents\Visual Studio 2012\Projects\EnterpriseChat_DUILIB\EnterpriseChat_DUILIB\Debug\link.7296-cvtres.write.1.tlog
C:\Users\cass-lm\Documents\Visual Studio 2012\Projects\EnterpriseChat_DUILIB\EnterpriseChat_DUILIB\Debug\link.7296-rc.read.1.tlog
C:\Users\cass-lm\Documents\Visual Studio 2012\Projects\EnterpriseChat_DUILIB\EnterpriseChat_DUILIB\Debug\link.7296-rc.write.1.tlog
C:\Users\cass-lm\Documents\Visual Studio 2012\Projects\EnterpriseChat_DUILIB\EnterpriseChat_DUILIB\Debug\link.7296.read.1.tlog
C:\Users\cass-lm\Documents\Visual Studio 2012\Projects\EnterpriseChat_DUILIB\EnterpriseChat_DUILIB\Debug\link.7296.write.1.tlog
C:\Users\cass-lm\Documents\Visual Studio 2012\Projects\EnterpriseChat_DUILIB\EnterpriseChat_DUILIB\Debug\link.7472-cvtres.read.1.tlog
C:\Users\cass-lm\Documents\Visual Studio 2012\Projects\EnterpriseChat_DUILIB\EnterpriseChat_DUILIB\Debug\link.7472-cvtres.write.1.tlog
C:\Users\cass-lm\Documents\Visual Studio 2012\Projects\EnterpriseChat_DUILIB\EnterpriseChat_DUILIB\Debug\link.7472-rc.read.1.tlog
C:\Users\cass-lm\Documents\Visual Studio 2012\Projects\EnterpriseChat_DUILIB\EnterpriseChat_DUILIB\Debug\link.7472-rc.write.1.tlog
C:\Users\cass-lm\Documents\Visual Studio 2012\Projects\EnterpriseChat_DUILIB\EnterpriseChat_DUILIB\Debug\link.7472.read.1.tlog
C:\Users\cass-lm\Documents\Visual Studio 2012\Projects\EnterpriseChat_DUILIB\EnterpriseChat_DUILIB\Debug\link.7472.write.1.tlog
C:\Users\cass-lm\Documents\Visual Studio 2012\Projects\EnterpriseChat_DUILIB\EnterpriseChat_DUILIB\Debug\link.7660-cvtres.read.1.tlog
C:\Users\cass-lm\Documents\Visual Studio 2012\Projects\EnterpriseChat_DUILIB\EnterpriseChat_DUILIB\Debug\link.7660-cvtres.write.1.tlog
C:\Users\cass-lm\Documents\Visual Studio 2012\Projects\EnterpriseChat_DUILIB\EnterpriseChat_DUILIB\Debug\link.7660-rc.read.1.tlog
C:\Users\cass-lm\Documents\Visual Studio 2012\Projects\EnterpriseChat_DUILIB\EnterpriseChat_DUILIB\Debug\link.7660-rc.write.1.tlog
C:\Users\cass-lm\Documents\Visual Studio 2012\Projects\EnterpriseChat_DUILIB\EnterpriseChat_DUILIB\Debug\link.7660.read.1.tlog
C:\Users\cass-lm\Documents\Visual Studio 2012\Projects\EnterpriseChat_DUILIB\EnterpriseChat_DUILIB\Debug\link.7660.write.1.tlog
C:\Users\cass-lm\Documents\Visual Studio 2012\Projects\EnterpriseChat_DUILIB\EnterpriseChat_DUILIB\Debug\link.7800-cvtres.read.1.tlog
C:\Users\cass-lm\Documents\Visual Studio 2012\Projects\EnterpriseChat_DUILIB\EnterpriseChat_DUILIB\Debug\link.7800-cvtres.write.1.tlog
C:\Users\cass-lm\Documents\Visual Studio 2012\Projects\EnterpriseChat_DUILIB\EnterpriseChat_DUILIB\Debug\link.7800-rc.read.1.tlog
C:\Users\cass-lm\Documents\Visual Studio 2012\Projects\EnterpriseChat_DUILIB\EnterpriseChat_DUILIB\Debug\link.7800-rc.write.1.tlog
C:\Users\cass-lm\Documents\Visual Studio 2012\Projects\EnterpriseChat_DUILIB\EnterpriseChat_DUILIB\Debug\link.7800.read.1.tlog
C:\Users\cass-lm\Documents\Visual Studio 2012\Projects\EnterpriseChat_DUILIB\EnterpriseChat_DUILIB\Debug\link.7800.write.1.tlog
C:\Users\cass-lm\Documents\Visual Studio 2012\Projects\EnterpriseChat_DUILIB\EnterpriseChat_DUILIB\Debug\link.7852-cvtres.read.1.tlog
C:\Users\cass-lm\Documents\Visual Studio 2012\Projects\EnterpriseChat_DUILIB\EnterpriseChat_DUILIB\Debug\link.7852-cvtres.write.1.tlog
C:\Users\cass-lm\Documents\Visual Studio 2012\Projects\EnterpriseChat_DUILIB\EnterpriseChat_DUILIB\Debug\link.7852-rc.read.1.tlog
C:\Users\cass-lm\Documents\Visual Studio 2012\Projects\EnterpriseChat_DUILIB\EnterpriseChat_DUILIB\Debug\link.7852-rc.write.1.tlog
C:\Users\cass-lm\Documents\Visual Studio 2012\Projects\EnterpriseChat_DUILIB\EnterpriseChat_DUILIB\Debug\link.7852.read.1.tlog
C:\Users\cass-lm\Documents\Visual Studio 2012\Projects\EnterpriseChat_DUILIB\EnterpriseChat_DUILIB\Debug\link.7852.write.1.tlog
C:\Users\cass-lm\Documents\Visual Studio 2012\Projects\EnterpriseChat_DUILIB\EnterpriseChat_DUILIB\Debug\link.7964-cvtres.read.1.tlog
C:\Users\cass-lm\Documents\Visual Studio 2012\Projects\EnterpriseChat_DUILIB\EnterpriseChat_DUILIB\Debug\link.7964-cvtres.write.1.tlog
C:\Users\cass-lm\Documents\Visual Studio 2012\Projects\EnterpriseChat_DUILIB\EnterpriseChat_DUILIB\Debug\link.7964-rc.read.1.tlog
C:\Users\cass-lm\Documents\Visual Studio 2012\Projects\EnterpriseChat_DUILIB\EnterpriseChat_DUILIB\Debug\link.7964-rc.write.1.tlog
C:\Users\cass-lm\Documents\Visual Studio 2012\Projects\EnterpriseChat_DUILIB\EnterpriseChat_DUILIB\Debug\link.7964.read.1.tlog
C:\Users\cass-lm\Documents\Visual Studio 2012\Projects\EnterpriseChat_DUILIB\EnterpriseChat_DUILIB\Debug\link.7964.write.1.tlog
C:\Users\cass-lm\Documents\Visual Studio 2012\Projects\EnterpriseChat_DUILIB\EnterpriseChat_DUILIB\Debug\link.8136-cvtres.read.1.tlog
C:\Users\cass-lm\Documents\Visual Studio 2012\Projects\EnterpriseChat_DUILIB\EnterpriseChat_DUILIB\Debug\link.8136-cvtres.write.1.tlog
C:\Users\cass-lm\Documents\Visual Studio 2012\Projects\EnterpriseChat_DUILIB\EnterpriseChat_DUILIB\Debug\link.8136-rc.read.1.tlog
C:\Users\cass-lm\Documents\Visual Studio 2012\Projects\EnterpriseChat_DUILIB\EnterpriseChat_DUILIB\Debug\link.8136-rc.write.1.tlog
C:\Users\cass-lm\Documents\Visual Studio 2012\Projects\EnterpriseChat_DUILIB\EnterpriseChat_DUILIB\Debug\link.8136.read.1.tlog
C:\Users\cass-lm\Documents\Visual Studio 2012\Projects\EnterpriseChat_DUILIB\EnterpriseChat_DUILIB\Debug\link.8136.write.1.tlog
C:\Users\cass-lm\Documents\Visual Studio 2012\Projects\EnterpriseChat_DUILIB\EnterpriseChat_DUILIB\Debug\link.8208-cvtres.read.1.tlog
C:\Users\cass-lm\Documents\Visual Studio 2012\Projects\EnterpriseChat_DUILIB\EnterpriseChat_DUILIB\Debug\link.8208-cvtres.write.1.tlog
C:\Users\cass-lm\Documents\Visual Studio 2012\Projects\EnterpriseChat_DUILIB\EnterpriseChat_DUILIB\Debug\link.8208-rc.read.1.tlog
C:\Users\cass-lm\Documents\Visual Studio 2012\Projects\EnterpriseChat_DUILIB\EnterpriseChat_DUILIB\Debug\link.8208-rc.write.1.tlog
C:\Users\cass-lm\Documents\Visual Studio 2012\Projects\EnterpriseChat_DUILIB\EnterpriseChat_DUILIB\Debug\link.8208.read.1.tlog
C:\Users\cass-lm\Documents\Visual Studio 2012\Projects\EnterpriseChat_DUILIB\EnterpriseChat_DUILIB\Debug\link.8208.write.1.tlog
C:\Users\cass-lm\Documents\Visual Studio 2012\Projects\EnterpriseChat_DUILIB\EnterpriseChat_DUILIB\Debug\link.8240-cvtres.read.1.tlog
C:\Users\cass-lm\Documents\Visual Studio 2012\Projects\EnterpriseChat_DUILIB\EnterpriseChat_DUILIB\Debug\link.8240-cvtres.write.1.tlog
C:\Users\cass-lm\Documents\Visual Studio 2012\Projects\EnterpriseChat_DUILIB\EnterpriseChat_DUILIB\Debug\link.8240-rc.read.1.tlog
C:\Users\cass-lm\Documents\Visual Studio 2012\Projects\EnterpriseChat_DUILIB\EnterpriseChat_DUILIB\Debug\link.8240-rc.write.1.tlog
C:\Users\cass-lm\Documents\Visual Studio 2012\Projects\EnterpriseChat_DUILIB\EnterpriseChat_DUILIB\Debug\link.8240.read.1.tlog
C:\Users\cass-lm\Documents\Visual Studio 2012\Projects\EnterpriseChat_DUILIB\EnterpriseChat_DUILIB\Debug\link.8240.write.1.tlog
C:\Users\cass-lm\Documents\Visual Studio 2012\Projects\EnterpriseChat_DUILIB\EnterpriseChat_DUILIB\Debug\link.8280-cvtres.read.1.tlog
C:\Users\cass-lm\Documents\Visual Studio 2012\Projects\EnterpriseChat_DUILIB\EnterpriseChat_DUILIB\Debug\link.8280-cvtres.write.1.tlog
C:\Users\cass-lm\Documents\Visual Studio 2012\Projects\EnterpriseChat_DUILIB\EnterpriseChat_DUILIB\Debug\link.8280-rc.read.1.tlog
C:\Users\cass-lm\Documents\Visual Studio 2012\Projects\EnterpriseChat_DUILIB\EnterpriseChat_DUILIB\Debug\link.8280-rc.write.1.tlog
C:\Users\cass-lm\Documents\Visual Studio 2012\Projects\EnterpriseChat_DUILIB\EnterpriseChat_DUILIB\Debug\link.8280.read.1.tlog
C:\Users\cass-lm\Documents\Visual Studio 2012\Projects\EnterpriseChat_DUILIB\EnterpriseChat_DUILIB\Debug\link.8280.write.1.tlog
C:\Users\cass-lm\Documents\Visual Studio 2012\Projects\EnterpriseChat_DUILIB\EnterpriseChat_DUILIB\Debug\link.8300-cvtres.read.1.tlog
C:\Users\cass-lm\Documents\Visual Studio 2012\Projects\EnterpriseChat_DUILIB\EnterpriseChat_DUILIB\Debug\link.8300-cvtres.write.1.tlog
C:\Users\cass-lm\Documents\Visual Studio 2012\Projects\EnterpriseChat_DUILIB\EnterpriseChat_DUILIB\Debug\link.8300-rc.read.1.tlog
C:\Users\cass-lm\Documents\Visual Studio 2012\Projects\EnterpriseChat_DUILIB\EnterpriseChat_DUILIB\Debug\link.8300-rc.write.1.tlog
C:\Users\cass-lm\Documents\Visual Studio 2012\Projects\EnterpriseChat_DUILIB\EnterpriseChat_DUILIB\Debug\link.8300.read.1.tlog
C:\Users\cass-lm\Documents\Visual Studio 2012\Projects\EnterpriseChat_DUILIB\EnterpriseChat_DUILIB\Debug\link.8300.write.1.tlog
C:\Users\cass-lm\Documents\Visual Studio 2012\Projects\EnterpriseChat_DUILIB\EnterpriseChat_DUILIB\Debug\link.8344-cvtres.read.1.tlog
C:\Users\cass-lm\Documents\Visual Studio 2012\Projects\EnterpriseChat_DUILIB\EnterpriseChat_DUILIB\Debug\link.8344-cvtres.write.1.tlog
C:\Users\cass-lm\Documents\Visual Studio 2012\Projects\EnterpriseChat_DUILIB\EnterpriseChat_DUILIB\Debug\link.8344-rc.read.1.tlog
C:\Users\cass-lm\Documents\Visual Studio 2012\Projects\EnterpriseChat_DUILIB\EnterpriseChat_DUILIB\Debug\link.8344-rc.write.1.tlog
C:\Users\cass-lm\Documents\Visual Studio 2012\Projects\EnterpriseChat_DUILIB\EnterpriseChat_DUILIB\Debug\link.8344.read.1.tlog
C:\Users\cass-lm\Documents\Visual Studio 2012\Projects\EnterpriseChat_DUILIB\EnterpriseChat_DUILIB\Debug\link.8344.write.1.tlog
C:\Users\cass-lm\Documents\Visual Studio 2012\Projects\EnterpriseChat_DUILIB\EnterpriseChat_DUILIB\Debug\link.8404-cvtres.read.1.tlog
C:\Users\cass-lm\Documents\Visual Studio 2012\Projects\EnterpriseChat_DUILIB\EnterpriseChat_DUILIB\Debug\link.8404-cvtres.write.1.tlog
C:\Users\cass-lm\Documents\Visual Studio 2012\Projects\EnterpriseChat_DUILIB\EnterpriseChat_DUILIB\Debug\link.8404-rc.read.1.tlog
C:\Users\cass-lm\Documents\Visual Studio 2012\Projects\EnterpriseChat_DUILIB\EnterpriseChat_DUILIB\Debug\link.8404-rc.write.1.tlog
C:\Users\cass-lm\Documents\Visual Studio 2012\Projects\EnterpriseChat_DUILIB\EnterpriseChat_DUILIB\Debug\link.8404.read.1.tlog
C:\Users\cass-lm\Documents\Visual Studio 2012\Projects\EnterpriseChat_DUILIB\EnterpriseChat_DUILIB\Debug\link.8404.write.1.tlog
C:\Users\cass-lm\Documents\Visual Studio 2012\Projects\EnterpriseChat_DUILIB\EnterpriseChat_DUILIB\Debug\link.8592-cvtres.read.1.tlog
C:\Users\cass-lm\Documents\Visual Studio 2012\Projects\EnterpriseChat_DUILIB\EnterpriseChat_DUILIB\Debug\link.8592-cvtres.write.1.tlog
C:\Users\cass-lm\Documents\Visual Studio 2012\Projects\EnterpriseChat_DUILIB\EnterpriseChat_DUILIB\Debug\link.8592-rc.read.1.tlog
C:\Users\cass-lm\Documents\Visual Studio 2012\Projects\EnterpriseChat_DUILIB\EnterpriseChat_DUILIB\Debug\link.8592-rc.write.1.tlog
C:\Users\cass-lm\Documents\Visual Studio 2012\Projects\EnterpriseChat_DUILIB\EnterpriseChat_DUILIB\Debug\link.8592.read.1.tlog
C:\Users\cass-lm\Documents\Visual Studio 2012\Projects\EnterpriseChat_DUILIB\EnterpriseChat_DUILIB\Debug\link.8592.write.1.tlog
C:\Users\cass-lm\Documents\Visual Studio 2012\Projects\EnterpriseChat_DUILIB\EnterpriseChat_DUILIB\Debug\link.8644-cvtres.read.1.tlog
C:\Users\cass-lm\Documents\Visual Studio 2012\Projects\EnterpriseChat_DUILIB\EnterpriseChat_DUILIB\Debug\link.8644-cvtres.write.1.tlog
C:\Users\cass-lm\Documents\Visual Studio 2012\Projects\EnterpriseChat_DUILIB\EnterpriseChat_DUILIB\Debug\link.8644-rc.read.1.tlog
C:\Users\cass-lm\Documents\Visual Studio 2012\Projects\EnterpriseChat_DUILIB\EnterpriseChat_DUILIB\Debug\link.8644-rc.write.1.tlog
C:\Users\cass-lm\Documents\Visual Studio 2012\Projects\EnterpriseChat_DUILIB\EnterpriseChat_DUILIB\Debug\link.8644.read.1.tlog
C:\Users\cass-lm\Documents\Visual Studio 2012\Projects\EnterpriseChat_DUILIB\EnterpriseChat_DUILIB\Debug\link.8644.write.1.tlog
C:\Users\cass-lm\Documents\Visual Studio 2012\Projects\EnterpriseChat_DUILIB\EnterpriseChat_DUILIB\Debug\link.8688-cvtres.read.1.tlog
C:\Users\cass-lm\Documents\Visual Studio 2012\Projects\EnterpriseChat_DUILIB\EnterpriseChat_DUILIB\Debug\link.8688-cvtres.write.1.tlog
C:\Users\cass-lm\Documents\Visual Studio 2012\Projects\EnterpriseChat_DUILIB\EnterpriseChat_DUILIB\Debug\link.8688-rc.read.1.tlog
C:\Users\cass-lm\Documents\Visual Studio 2012\Projects\EnterpriseChat_DUILIB\EnterpriseChat_DUILIB\Debug\link.8688-rc.write.1.tlog
C:\Users\cass-lm\Documents\Visual Studio 2012\Projects\EnterpriseChat_DUILIB\EnterpriseChat_DUILIB\Debug\link.8688.read.1.tlog
C:\Users\cass-lm\Documents\Visual Studio 2012\Projects\EnterpriseChat_DUILIB\EnterpriseChat_DUILIB\Debug\link.8688.write.1.tlog
C:\Users\cass-lm\Documents\Visual Studio 2012\Projects\EnterpriseChat_DUILIB\EnterpriseChat_DUILIB\Debug\link.8704-cvtres.read.1.tlog
C:\Users\cass-lm\Documents\Visual Studio 2012\Projects\EnterpriseChat_DUILIB\EnterpriseChat_DUILIB\Debug\link.8704-cvtres.write.1.tlog
C:\Users\cass-lm\Documents\Visual Studio 2012\Projects\EnterpriseChat_DUILIB\EnterpriseChat_DUILIB\Debug\link.8704-rc.read.1.tlog
C:\Users\cass-lm\Documents\Visual Studio 2012\Projects\EnterpriseChat_DUILIB\EnterpriseChat_DUILIB\Debug\link.8704-rc.write.1.tlog
C:\Users\cass-lm\Documents\Visual Studio 2012\Projects\EnterpriseChat_DUILIB\EnterpriseChat_DUILIB\Debug\link.8704.read.1.tlog
C:\Users\cass-lm\Documents\Visual Studio 2012\Projects\EnterpriseChat_DUILIB\EnterpriseChat_DUILIB\Debug\link.8704.write.1.tlog
C:\Users\cass-lm\Documents\Visual Studio 2012\Projects\EnterpriseChat_DUILIB\EnterpriseChat_DUILIB\Debug\link.8756-cvtres.read.1.tlog
C:\Users\cass-lm\Documents\Visual Studio 2012\Projects\EnterpriseChat_DUILIB\EnterpriseChat_DUILIB\Debug\link.8756-cvtres.write.1.tlog
C:\Users\cass-lm\Documents\Visual Studio 2012\Projects\EnterpriseChat_DUILIB\EnterpriseChat_DUILIB\Debug\link.8756-rc.read.1.tlog
C:\Users\cass-lm\Documents\Visual Studio 2012\Projects\EnterpriseChat_DUILIB\EnterpriseChat_DUILIB\Debug\link.8756-rc.write.1.tlog
C:\Users\cass-lm\Documents\Visual Studio 2012\Projects\EnterpriseChat_DUILIB\EnterpriseChat_DUILIB\Debug\link.8756.read.1.tlog
C:\Users\cass-lm\Documents\Visual Studio 2012\Projects\EnterpriseChat_DUILIB\EnterpriseChat_DUILIB\Debug\link.8756.write.1.tlog
C:\Users\cass-lm\Documents\Visual Studio 2012\Projects\EnterpriseChat_DUILIB\EnterpriseChat_DUILIB\Debug\link.8788-cvtres.read.1.tlog
C:\Users\cass-lm\Documents\Visual Studio 2012\Projects\EnterpriseChat_DUILIB\EnterpriseChat_DUILIB\Debug\link.8788-cvtres.write.1.tlog
C:\Users\cass-lm\Documents\Visual Studio 2012\Projects\EnterpriseChat_DUILIB\EnterpriseChat_DUILIB\Debug\link.8788-rc.read.1.tlog
C:\Users\cass-lm\Documents\Visual Studio 2012\Projects\EnterpriseChat_DUILIB\EnterpriseChat_DUILIB\Debug\link.8788-rc.write.1.tlog
C:\Users\cass-lm\Documents\Visual Studio 2012\Projects\EnterpriseChat_DUILIB\EnterpriseChat_DUILIB\Debug\link.8788.read.1.tlog
C:\Users\cass-lm\Documents\Visual Studio 2012\Projects\EnterpriseChat_DUILIB\EnterpriseChat_DUILIB\Debug\link.8788.write.1.tlog
C:\Users\cass-lm\Documents\Visual Studio 2012\Projects\EnterpriseChat_DUILIB\EnterpriseChat_DUILIB\Debug\link.8800-cvtres.read.1.tlog
C:\Users\cass-lm\Documents\Visual Studio 2012\Projects\EnterpriseChat_DUILIB\EnterpriseChat_DUILIB\Debug\link.8800-cvtres.write.1.tlog
C:\Users\cass-lm\Documents\Visual Studio 2012\Projects\EnterpriseChat_DUILIB\EnterpriseChat_DUILIB\Debug\link.8800-rc.read.1.tlog
C:\Users\cass-lm\Documents\Visual Studio 2012\Projects\EnterpriseChat_DUILIB\EnterpriseChat_DUILIB\Debug\link.8800-rc.write.1.tlog
C:\Users\cass-lm\Documents\Visual Studio 2012\Projects\EnterpriseChat_DUILIB\EnterpriseChat_DUILIB\Debug\link.8800.read.1.tlog
C:\Users\cass-lm\Documents\Visual Studio 2012\Projects\EnterpriseChat_DUILIB\EnterpriseChat_DUILIB\Debug\link.8800.write.1.tlog
C:\Users\cass-lm\Documents\Visual Studio 2012\Projects\EnterpriseChat_DUILIB\EnterpriseChat_DUILIB\Debug\link.8828-cvtres.read.1.tlog
C:\Users\cass-lm\Documents\Visual Studio 2012\Projects\EnterpriseChat_DUILIB\EnterpriseChat_DUILIB\Debug\link.8828-cvtres.write.1.tlog
C:\Users\cass-lm\Documents\Visual Studio 2012\Projects\EnterpriseChat_DUILIB\EnterpriseChat_DUILIB\Debug\link.8828-rc.read.1.tlog
C:\Users\cass-lm\Documents\Visual Studio 2012\Projects\EnterpriseChat_DUILIB\EnterpriseChat_DUILIB\Debug\link.8828-rc.write.1.tlog
C:\Users\cass-lm\Documents\Visual Studio 2012\Projects\EnterpriseChat_DUILIB\EnterpriseChat_DUILIB\Debug\link.8828.read.1.tlog
C:\Users\cass-lm\Documents\Visual Studio 2012\Projects\EnterpriseChat_DUILIB\EnterpriseChat_DUILIB\Debug\link.8828.write.1.tlog
C:\Users\cass-lm\Documents\Visual Studio 2012\Projects\EnterpriseChat_DUILIB\EnterpriseChat_DUILIB\Debug\link.8880-cvtres.read.1.tlog
C:\Users\cass-lm\Documents\Visual Studio 2012\Projects\EnterpriseChat_DUILIB\EnterpriseChat_DUILIB\Debug\link.8880-cvtres.write.1.tlog
C:\Users\cass-lm\Documents\Visual Studio 2012\Projects\EnterpriseChat_DUILIB\EnterpriseChat_DUILIB\Debug\link.8880-rc.read.1.tlog
C:\Users\cass-lm\Documents\Visual Studio 2012\Projects\EnterpriseChat_DUILIB\EnterpriseChat_DUILIB\Debug\link.8880-rc.write.1.tlog
C:\Users\cass-lm\Documents\Visual Studio 2012\Projects\EnterpriseChat_DUILIB\EnterpriseChat_DUILIB\Debug\link.8880.read.1.tlog
C:\Users\cass-lm\Documents\Visual Studio 2012\Projects\EnterpriseChat_DUILIB\EnterpriseChat_DUILIB\Debug\link.8880.write.1.tlog
C:\Users\cass-lm\Documents\Visual Studio 2012\Projects\EnterpriseChat_DUILIB\EnterpriseChat_DUILIB\Debug\link.8904-cvtres.read.1.tlog
C:\Users\cass-lm\Documents\Visual Studio 2012\Projects\EnterpriseChat_DUILIB\EnterpriseChat_DUILIB\Debug\link.8904-cvtres.write.1.tlog
C:\Users\cass-lm\Documents\Visual Studio 2012\Projects\EnterpriseChat_DUILIB\EnterpriseChat_DUILIB\Debug\link.8904-rc.read.1.tlog
C:\Users\cass-lm\Documents\Visual Studio 2012\Projects\EnterpriseChat_DUILIB\EnterpriseChat_DUILIB\Debug\link.8904-rc.write.1.tlog
C:\Users\cass-lm\Documents\Visual Studio 2012\Projects\EnterpriseChat_DUILIB\EnterpriseChat_DUILIB\Debug\link.8904.read.1.tlog
C:\Users\cass-lm\Documents\Visual Studio 2012\Projects\EnterpriseChat_DUILIB\EnterpriseChat_DUILIB\Debug\link.8904.write.1.tlog
C:\Users\cass-lm\Documents\Visual Studio 2012\Projects\EnterpriseChat_DUILIB\EnterpriseChat_DUILIB\Debug\link.8908-cvtres.read.1.tlog
C:\Users\cass-lm\Documents\Visual Studio 2012\Projects\EnterpriseChat_DUILIB\EnterpriseChat_DUILIB\Debug\link.8908-cvtres.write.1.tlog
C:\Users\cass-lm\Documents\Visual Studio 2012\Projects\EnterpriseChat_DUILIB\EnterpriseChat_DUILIB\Debug\link.8908-rc.read.1.tlog
C:\Users\cass-lm\Documents\Visual Studio 2012\Projects\EnterpriseChat_DUILIB\EnterpriseChat_DUILIB\Debug\link.8908-rc.write.1.tlog
C:\Users\cass-lm\Documents\Visual Studio 2012\Projects\EnterpriseChat_DUILIB\EnterpriseChat_DUILIB\Debug\link.8908.read.1.tlog
C:\Users\cass-lm\Documents\Visual Studio 2012\Projects\EnterpriseChat_DUILIB\EnterpriseChat_DUILIB\Debug\link.8908.write.1.tlog
C:\Users\cass-lm\Documents\Visual Studio 2012\Projects\EnterpriseChat_DUILIB\EnterpriseChat_DUILIB\Debug\link.8944-cvtres.read.1.tlog
C:\Users\cass-lm\Documents\Visual Studio 2012\Projects\EnterpriseChat_DUILIB\EnterpriseChat_DUILIB\Debug\link.8944-cvtres.write.1.tlog
C:\Users\cass-lm\Documents\Visual Studio 2012\Projects\EnterpriseChat_DUILIB\EnterpriseChat_DUILIB\Debug\link.8944-rc.read.1.tlog
C:\Users\cass-lm\Documents\Visual Studio 2012\Projects\EnterpriseChat_DUILIB\EnterpriseChat_DUILIB\Debug\link.8944-rc.write.1.tlog
C:\Users\cass-lm\Documents\Visual Studio 2012\Projects\EnterpriseChat_DUILIB\EnterpriseChat_DUILIB\Debug\link.8944.read.1.tlog
C:\Users\cass-lm\Documents\Visual Studio 2012\Projects\EnterpriseChat_DUILIB\EnterpriseChat_DUILIB\Debug\link.8944.write.1.tlog
C:\Users\cass-lm\Documents\Visual Studio 2012\Projects\EnterpriseChat_DUILIB\EnterpriseChat_DUILIB\Debug\link.9008-cvtres.read.1.tlog
C:\Users\cass-lm\Documents\Visual Studio 2012\Projects\EnterpriseChat_DUILIB\EnterpriseChat_DUILIB\Debug\link.9008-cvtres.write.1.tlog
C:\Users\cass-lm\Documents\Visual Studio 2012\Projects\EnterpriseChat_DUILIB\EnterpriseChat_DUILIB\Debug\link.9008-rc.read.1.tlog
C:\Users\cass-lm\Documents\Visual Studio 2012\Projects\EnterpriseChat_DUILIB\EnterpriseChat_DUILIB\Debug\link.9008-rc.write.1.tlog
C:\Users\cass-lm\Documents\Visual Studio 2012\Projects\EnterpriseChat_DUILIB\EnterpriseChat_DUILIB\Debug\link.9008.read.1.tlog
C:\Users\cass-lm\Documents\Visual Studio 2012\Projects\EnterpriseChat_DUILIB\EnterpriseChat_DUILIB\Debug\link.9008.write.1.tlog
C:\Users\cass-lm\Documents\Visual Studio 2012\Projects\EnterpriseChat_DUILIB\EnterpriseChat_DUILIB\Debug\link.9056-cvtres.read.1.tlog
C:\Users\cass-lm\Documents\Visual Studio 2012\Projects\EnterpriseChat_DUILIB\EnterpriseChat_DUILIB\Debug\link.9056-cvtres.write.1.tlog
C:\Users\cass-lm\Documents\Visual Studio 2012\Projects\EnterpriseChat_DUILIB\EnterpriseChat_DUILIB\Debug\link.9056-rc.read.1.tlog
C:\Users\cass-lm\Documents\Visual Studio 2012\Projects\EnterpriseChat_DUILIB\EnterpriseChat_DUILIB\Debug\link.9056-rc.write.1.tlog
C:\Users\cass-lm\Documents\Visual Studio 2012\Projects\EnterpriseChat_DUILIB\EnterpriseChat_DUILIB\Debug\link.9056.read.1.tlog
C:\Users\cass-lm\Documents\Visual Studio 2012\Projects\EnterpriseChat_DUILIB\EnterpriseChat_DUILIB\Debug\link.9056.write.1.tlog
C:\Users\cass-lm\Documents\Visual Studio 2012\Projects\EnterpriseChat_DUILIB\EnterpriseChat_DUILIB\Debug\link.9068-cvtres.read.1.tlog
C:\Users\cass-lm\Documents\Visual Studio 2012\Projects\EnterpriseChat_DUILIB\EnterpriseChat_DUILIB\Debug\link.9068-cvtres.write.1.tlog
C:\Users\cass-lm\Documents\Visual Studio 2012\Projects\EnterpriseChat_DUILIB\EnterpriseChat_DUILIB\Debug\link.9068-rc.read.1.tlog
C:\Users\cass-lm\Documents\Visual Studio 2012\Projects\EnterpriseChat_DUILIB\EnterpriseChat_DUILIB\Debug\link.9068-rc.write.1.tlog
C:\Users\cass-lm\Documents\Visual Studio 2012\Projects\EnterpriseChat_DUILIB\EnterpriseChat_DUILIB\Debug\link.9068.read.1.tlog
C:\Users\cass-lm\Documents\Visual Studio 2012\Projects\EnterpriseChat_DUILIB\EnterpriseChat_DUILIB\Debug\link.9068.write.1.tlog
C:\Users\cass-lm\Documents\Visual Studio 2012\Projects\EnterpriseChat_DUILIB\EnterpriseChat_DUILIB\Debug\link.9144-cvtres.read.1.tlog
C:\Users\cass-lm\Documents\Visual Studio 2012\Projects\EnterpriseChat_DUILIB\EnterpriseChat_DUILIB\Debug\link.9144-cvtres.write.1.tlog
C:\Users\cass-lm\Documents\Visual Studio 2012\Projects\EnterpriseChat_DUILIB\EnterpriseChat_DUILIB\Debug\link.9144-rc.read.1.tlog
C:\Users\cass-lm\Documents\Visual Studio 2012\Projects\EnterpriseChat_DUILIB\EnterpriseChat_DUILIB\Debug\link.9144-rc.write.1.tlog
C:\Users\cass-lm\Documents\Visual Studio 2012\Projects\EnterpriseChat_DUILIB\EnterpriseChat_DUILIB\Debug\link.9144.read.1.tlog
C:\Users\cass-lm\Documents\Visual Studio 2012\Projects\EnterpriseChat_DUILIB\EnterpriseChat_DUILIB\Debug\link.9144.write.1.tlog
C:\Users\cass-lm\Documents\Visual Studio 2012\Projects\EnterpriseChat_DUILIB\EnterpriseChat_DUILIB\Debug\link.9176-cvtres.read.1.tlog
C:\Users\cass-lm\Documents\Visual Studio 2012\Projects\EnterpriseChat_DUILIB\EnterpriseChat_DUILIB\Debug\link.9176-cvtres.write.1.tlog
C:\Users\cass-lm\Documents\Visual Studio 2012\Projects\EnterpriseChat_DUILIB\EnterpriseChat_DUILIB\Debug\link.9176-rc.read.1.tlog
C:\Users\cass-lm\Documents\Visual Studio 2012\Projects\EnterpriseChat_DUILIB\EnterpriseChat_DUILIB\Debug\link.9176-rc.write.1.tlog
C:\Users\cass-lm\Documents\Visual Studio 2012\Projects\EnterpriseChat_DUILIB\EnterpriseChat_DUILIB\Debug\link.9176.read.1.tlog
C:\Users\cass-lm\Documents\Visual Studio 2012\Projects\EnterpriseChat_DUILIB\EnterpriseChat_DUILIB\Debug\link.9176.write.1.tlog
C:\Users\cass-lm\Documents\Visual Studio 2012\Projects\EnterpriseChat_DUILIB\EnterpriseChat_DUILIB\Debug\link.9212-cvtres.read.1.tlog
C:\Users\cass-lm\Documents\Visual Studio 2012\Projects\EnterpriseChat_DUILIB\EnterpriseChat_DUILIB\Debug\link.9212-cvtres.write.1.tlog
C:\Users\cass-lm\Documents\Visual Studio 2012\Projects\EnterpriseChat_DUILIB\EnterpriseChat_DUILIB\Debug\link.9212-rc.read.1.tlog
C:\Users\cass-lm\Documents\Visual Studio 2012\Projects\EnterpriseChat_DUILIB\EnterpriseChat_DUILIB\Debug\link.9212-rc.write.1.tlog
C:\Users\cass-lm\Documents\Visual Studio 2012\Projects\EnterpriseChat_DUILIB\EnterpriseChat_DUILIB\Debug\link.9212.read.1.tlog
C:\Users\cass-lm\Documents\Visual Studio 2012\Projects\EnterpriseChat_DUILIB\EnterpriseChat_DUILIB\Debug\link.9212.write.1.tlog
C:\Users\cass-lm\Documents\Visual Studio 2012\Projects\EnterpriseChat_DUILIB\EnterpriseChat_DUILIB\Debug\link.9320-cvtres.read.1.tlog
C:\Users\cass-lm\Documents\Visual Studio 2012\Projects\EnterpriseChat_DUILIB\EnterpriseChat_DUILIB\Debug\link.9320-cvtres.write.1.tlog
C:\Users\cass-lm\Documents\Visual Studio 2012\Projects\EnterpriseChat_DUILIB\EnterpriseChat_DUILIB\Debug\link.9320-rc.read.1.tlog
C:\Users\cass-lm\Documents\Visual Studio 2012\Projects\EnterpriseChat_DUILIB\EnterpriseChat_DUILIB\Debug\link.9320-rc.write.1.tlog
C:\Users\cass-lm\Documents\Visual Studio 2012\Projects\EnterpriseChat_DUILIB\EnterpriseChat_DUILIB\Debug\link.9320.read.1.tlog
C:\Users\cass-lm\Documents\Visual Studio 2012\Projects\EnterpriseChat_DUILIB\EnterpriseChat_DUILIB\Debug\link.9320.write.1.tlog
C:\Users\cass-lm\Documents\Visual Studio 2012\Projects\EnterpriseChat_DUILIB\EnterpriseChat_DUILIB\Debug\link.9324-cvtres.read.1.tlog
C:\Users\cass-lm\Documents\Visual Studio 2012\Projects\EnterpriseChat_DUILIB\EnterpriseChat_DUILIB\Debug\link.9324-cvtres.write.1.tlog
C:\Users\cass-lm\Documents\Visual Studio 2012\Projects\EnterpriseChat_DUILIB\EnterpriseChat_DUILIB\Debug\link.9324-rc.read.1.tlog
C:\Users\cass-lm\Documents\Visual Studio 2012\Projects\EnterpriseChat_DUILIB\EnterpriseChat_DUILIB\Debug\link.9324-rc.write.1.tlog
C:\Users\cass-lm\Documents\Visual Studio 2012\Projects\EnterpriseChat_DUILIB\EnterpriseChat_DUILIB\Debug\link.9324.read.1.tlog
C:\Users\cass-lm\Documents\Visual Studio 2012\Projects\EnterpriseChat_DUILIB\EnterpriseChat_DUILIB\Debug\link.9324.write.1.tlog
C:\Users\cass-lm\Documents\Visual Studio 2012\Projects\EnterpriseChat_DUILIB\EnterpriseChat_DUILIB\Debug\link.9416-cvtres.read.1.tlog
C:\Users\cass-lm\Documents\Visual Studio 2012\Projects\EnterpriseChat_DUILIB\EnterpriseChat_DUILIB\Debug\link.9416-cvtres.write.1.tlog
C:\Users\cass-lm\Documents\Visual Studio 2012\Projects\EnterpriseChat_DUILIB\EnterpriseChat_DUILIB\Debug\link.9416-rc.read.1.tlog
C:\Users\cass-lm\Documents\Visual Studio 2012\Projects\EnterpriseChat_DUILIB\EnterpriseChat_DUILIB\Debug\link.9416-rc.write.1.tlog
C:\Users\cass-lm\Documents\Visual Studio 2012\Projects\EnterpriseChat_DUILIB\EnterpriseChat_DUILIB\Debug\link.9416.read.1.tlog
C:\Users\cass-lm\Documents\Visual Studio 2012\Projects\EnterpriseChat_DUILIB\EnterpriseChat_DUILIB\Debug\link.9416.write.1.tlog
C:\Users\cass-lm\Documents\Visual Studio 2012\Projects\EnterpriseChat_DUILIB\EnterpriseChat_DUILIB\Debug\link.9464-cvtres.read.1.tlog
C:\Users\cass-lm\Documents\Visual Studio 2012\Projects\EnterpriseChat_DUILIB\EnterpriseChat_DUILIB\Debug\link.9464-cvtres.write.1.tlog
C:\Users\cass-lm\Documents\Visual Studio 2012\Projects\EnterpriseChat_DUILIB\EnterpriseChat_DUILIB\Debug\link.9464-rc.read.1.tlog
C:\Users\cass-lm\Documents\Visual Studio 2012\Projects\EnterpriseChat_DUILIB\EnterpriseChat_DUILIB\Debug\link.9464-rc.write.1.tlog
C:\Users\cass-lm\Documents\Visual Studio 2012\Projects\EnterpriseChat_DUILIB\EnterpriseChat_DUILIB\Debug\link.9464.read.1.tlog
C:\Users\cass-lm\Documents\Visual Studio 2012\Projects\EnterpriseChat_DUILIB\EnterpriseChat_DUILIB\Debug\link.9464.write.1.tlog
C:\Users\cass-lm\Documents\Visual Studio 2012\Projects\EnterpriseChat_DUILIB\EnterpriseChat_DUILIB\Debug\link.9608-cvtres.read.1.tlog
C:\Users\cass-lm\Documents\Visual Studio 2012\Projects\EnterpriseChat_DUILIB\EnterpriseChat_DUILIB\Debug\link.9608-cvtres.write.1.tlog
C:\Users\cass-lm\Documents\Visual Studio 2012\Projects\EnterpriseChat_DUILIB\EnterpriseChat_DUILIB\Debug\link.9608-rc.read.1.tlog
C:\Users\cass-lm\Documents\Visual Studio 2012\Projects\EnterpriseChat_DUILIB\EnterpriseChat_DUILIB\Debug\link.9608-rc.write.1.tlog
C:\Users\cass-lm\Documents\Visual Studio 2012\Projects\EnterpriseChat_DUILIB\EnterpriseChat_DUILIB\Debug\link.9608.read.1.tlog
C:\Users\cass-lm\Documents\Visual Studio 2012\Projects\EnterpriseChat_DUILIB\EnterpriseChat_DUILIB\Debug\link.9608.write.1.tlog
C:\Users\cass-lm\Documents\Visual Studio 2012\Projects\EnterpriseChat_DUILIB\EnterpriseChat_DUILIB\Debug\link.9776-cvtres.read.1.tlog
C:\Users\cass-lm\Documents\Visual Studio 2012\Projects\EnterpriseChat_DUILIB\EnterpriseChat_DUILIB\Debug\link.9776-cvtres.write.1.tlog
C:\Users\cass-lm\Documents\Visual Studio 2012\Projects\EnterpriseChat_DUILIB\EnterpriseChat_DUILIB\Debug\link.9776-rc.read.1.tlog
C:\Users\cass-lm\Documents\Visual Studio 2012\Projects\EnterpriseChat_DUILIB\EnterpriseChat_DUILIB\Debug\link.9776-rc.write.1.tlog
C:\Users\cass-lm\Documents\Visual Studio 2012\Projects\EnterpriseChat_DUILIB\EnterpriseChat_DUILIB\Debug\link.9776.read.1.tlog
C:\Users\cass-lm\Documents\Visual Studio 2012\Projects\EnterpriseChat_DUILIB\EnterpriseChat_DUILIB\Debug\link.9776.write.1.tlog
C:\Users\cass-lm\Documents\Visual Studio 2012\Projects\EnterpriseChat_DUILIB\EnterpriseChat_DUILIB\Debug\link.9964-cvtres.read.1.tlog
C:\Users\cass-lm\Documents\Visual Studio 2012\Projects\EnterpriseChat_DUILIB\EnterpriseChat_DUILIB\Debug\link.9964-cvtres.write.1.tlog
C:\Users\cass-lm\Documents\Visual Studio 2012\Projects\EnterpriseChat_DUILIB\EnterpriseChat_DUILIB\Debug\link.9964-rc.read.1.tlog
C:\Users\cass-lm\Documents\Visual Studio 2012\Projects\EnterpriseChat_DUILIB\EnterpriseChat_DUILIB\Debug\link.9964-rc.write.1.tlog
C:\Users\cass-lm\Documents\Visual Studio 2012\Projects\EnterpriseChat_DUILIB\EnterpriseChat_DUILIB\Debug\link.9964.read.1.tlog
C:\Users\cass-lm\Documents\Visual Studio 2012\Projects\EnterpriseChat_DUILIB\EnterpriseChat_DUILIB\Debug\link.9964.write.1.tlog
C:\Users\cass-lm\Documents\Visual Studio 2012\Projects\EnterpriseChat_DUILIB\EnterpriseChat_DUILIB\Debug\link.command.1.tlog
C:\Users\cass-lm\Documents\Visual Studio 2012\Projects\EnterpriseChat_DUILIB\EnterpriseChat_DUILIB\Debug\link.read.1.tlog
C:\Users\cass-lm\Documents\Visual Studio 2012\Projects\EnterpriseChat_DUILIB\EnterpriseChat_DUILIB\Debug\link.write.1.tlog
C:\Users\cass-lm\Documents\Visual Studio 2012\Projects\EnterpriseChat_DUILIB\EnterpriseChat_DUILIB\Debug\rc.command.1.tlog
C:\Users\cass-lm\Documents\Visual Studio 2012\Projects\EnterpriseChat_DUILIB\EnterpriseChat_DUILIB\Debug\rc.read.1.tlog
C:\Users\cass-lm\Documents\Visual Studio 2012\Projects\EnterpriseChat_DUILIB\EnterpriseChat_DUILIB\Debug\rc.write.1.tlog
C:\Users\cass-lm\Documents\Visual Studio 2012\Projects\EnterpriseChat_DUILIB\EnterpriseChat_DUILIB\Debug\EnterpriseChat_DUILIB.res
C:\Users\cass-lm\Documents\Visual Studio 2012\Projects\EnterpriseChat_DUILIB\EnterpriseChat_DUILIB\Debug\vc110.idb
C:\Users\cass-lm\Documents\Visual Studio 2012\Projects\EnterpriseChat_DUILIB\EnterpriseChat_DUILIB\Debug\vc110.pdb
C:\Users\cass-lm\Documents\Visual Studio 2012\Projects\EnterpriseChat_DUILIB\Debug\EnterpriseChat_DUILIB.pdb
C:\Users\cass-lm\Documents\Visual Studio 2012\Projects\EnterpriseChat_DUILIB\Debug\EnterpriseChat_DUILIB.exe
C:\Users\cass-lm\Documents\Visual Studio 2012\Projects\EnterpriseChat_DUILIB\Debug\EnterpriseChat_DUILIB.ilk
