生成启动时间为 2015/3/25 11:03:37。
     1>项目“E:\GitHub\EenterpriseChat\EnterpriseChat_DUILIB\EnterpriseChat_DUILIB\EnterpriseChat_DUILIB.vcxproj”在节点 2 上(Build 个目标)。
     1>ClCompile:
         D:\Program Files (x86)\Microsoft Visual Studio 11.0\VC\bin\CL.exe /c /ZI /nologo /W3 /WX- /Od /Oy- /D WIN32 /D _DEBUG /D _WINDOWS /D _UNICODE /D UNICODE /Gm /EHsc /RTC1 /MDd /GS /fp:precise /Zc:wchar_t /Zc:forScope /Fo"Debug\\" /Fd"Debug\vc110.pdb" /Gd /TP /analyze- /errorReport:prompt IOCPModel.cpp
         IOCPModel.cpp
     1>e:\github\eenterprisechat\enterprisechat_duilib\enterprisechat_duilib\iocpmodel.cpp(1014): warning C4996: '_swprintf': This function or variable may be unsafe. Consider using _swprintf_s instead. To disable deprecation, use _CRT_SECURE_NO_WARNINGS. See online help for details.
                 d:\program files (x86)\microsoft visual studio 11.0\vc\include\wchar.h(784) : 参见“_swprintf”的声明
     1>e:\github\eenterprisechat\enterprisechat_duilib\enterprisechat_duilib\iocpmodel.cpp(1063): warning C4996: '_swprintf': This function or variable may be unsafe. Consider using _swprintf_s instead. To disable deprecation, use _CRT_SECURE_NO_WARNINGS. See online help for details.
                 d:\program files (x86)\microsoft visual studio 11.0\vc\include\wchar.h(784) : 参见“_swprintf”的声明
       Link:
         D:\Program Files (x86)\Microsoft Visual Studio 11.0\VC\bin\link.exe /ERRORREPORT:PROMPT /OUT:"E:\GitHub\EenterpriseChat\EnterpriseChat_DUILIB\Debug\EnterpriseChat_DUILIB.exe" /INCREMENTAL /NOLOGO kernel32.lib user32.lib gdi32.lib winspool.lib comdlg32.lib advapi32.lib shell32.lib ole32.lib oleaut32.lib uuid.lib odbc32.lib odbccp32.lib /MANIFEST /MANIFESTUAC:"level='asInvoker' uiAccess='false'" /manifest:embed /DEBUG /PDB:"E:\GitHub\EenterpriseChat\EnterpriseChat_DUILIB\Debug\EnterpriseChat_DUILIB.pdb" /SUBSYSTEM:WINDOWS /TLBID:1 /DYNAMICBASE /NXCOMPAT /IMPLIB:"E:\GitHub\EenterpriseChat\EnterpriseChat_DUILIB\Debug\EnterpriseChat_DUILIB.lib" /MACHINE:X86 Debug\EnterpriseChat_DUILIB.res
         Debug\changepcinfo.obj
         Debug\chat_dialog.obj
         Debug\commonlist.obj
         Debug\IOCPModel.obj
         Debug\main_frame.obj
         Debug\main.obj
         Debug\popmenu.obj
         Debug\TCPModel.obj
         Debug\UDPModel.obj
         EnterpriseChat_DUILIB.vcxproj -> E:\GitHub\EenterpriseChat\EnterpriseChat_DUILIB\Debug\EnterpriseChat_DUILIB.exe
     1>已完成生成项目“E:\GitHub\EenterpriseChat\EnterpriseChat_DUILIB\EnterpriseChat_DUILIB\EnterpriseChat_DUILIB.vcxproj”(Build 个目标)的操作。

生成成功。

已用时间 00:00:05.07
